[debug] [2019-01-10T11:21:14.175Z] ----------------------------------------------------------------------
[debug] [2019-01-10T11:21:14.178Z] Command:       /Users/Trooper-YFN/.nodebrew/node/v10.11.0/bin/node /Users/Trooper-YFN/.nodebrew/current/bin/firebase serve
[debug] [2019-01-10T11:21:14.178Z] CLI Version:   6.2.2
[debug] [2019-01-10T11:21:14.178Z] Platform:      darwin
[debug] [2019-01-10T11:21:14.178Z] Node Version:  v10.11.0
[debug] [2019-01-10T11:21:14.188Z] Time:          Thu Jan 10 2019 20:21:14 GMT+0900 (GMT+09:00)
[debug] [2019-01-10T11:21:14.189Z] ----------------------------------------------------------------------
[debug] 
[debug] [2019-01-10T11:21:14.212Z] > command requires scopes: ["email","openid","https://www.googleapis.com/auth/cloudplatformprojects.readonly","https://www.googleapis.com/auth/firebase","https://www.googleapis.com/auth/cloud-platform"]
[debug] [2019-01-10T11:21:14.214Z] > authorizing via signed-in user
[debug] [2019-01-10T11:21:14.214Z] [iam] checking project team-b-sns for permissions ["firebase.projects.get"]
[debug] [2019-01-10T11:21:14.216Z] >>> HTTP REQUEST POST https://cloudresourcemanager.googleapis.com/v1/projects/team-b-sns:testIamPermissions  

[debug] [2019-01-10T11:21:16.012Z] <<< HTTP RESPONSE 200
[debug] [2019-01-10T11:21:16.014Z] >>> HTTP REQUEST GET https://cloudresourcemanager.googleapis.com/v1/projects/team-b-sns  
 
[debug] [2019-01-10T11:21:16.924Z] <<< HTTP RESPONSE 200
[info] 
[info] === Serving from '/Users/Trooper-YFN/team-B-graduation-work/team-b-SNS'...
[info] 
[debug] [2019-01-10T11:21:16.928Z] >>> HTTP REQUEST GET https://mobilesdk-pa.googleapis.com/v1/projects/895377669050/clients/_:getWebAppConfig  
 
[debug] [2019-01-10T11:21:17.847Z] <<< HTTP RESPONSE 200
[info] i  hosting: Serving hosting files from: public
[info] ✔  hosting: Local server: http://localhost:5000
[debug] [2019-01-24T11:05:47.420Z] ----------------------------------------------------------------------
[debug] [2019-01-24T11:05:47.421Z] Command:       /Users/keitatanaka/.nodebrew/node/v10.11.0/bin/node /Users/keitatanaka/.nodebrew/current/bin/firebase serve
[debug] [2019-01-24T11:05:47.422Z] CLI Version:   5.0.1
[debug] [2019-01-24T11:05:47.422Z] Platform:      darwin
[debug] [2019-01-24T11:05:47.422Z] Node Version:  v10.11.0
[debug] [2019-01-24T11:05:47.423Z] Time:          Thu Jan 24 2019 20:05:47 GMT+0900 (GMT+09:00)
[debug] [2019-01-24T11:05:47.423Z] ----------------------------------------------------------------------
[debug] 
[debug] [2019-01-24T11:05:47.440Z] > command requires scopes: ["email","openid","https://www.googleapis.com/auth/cloudplatformprojects.readonly","https://www.googleapis.com/auth/firebase","https://www.googleapis.com/auth/cloud-platform"]
[debug] [2019-01-24T11:05:47.440Z] > authorizing via signed-in user
[debug] [2019-01-24T11:05:47.440Z] [iam] checking project team-b-sns for permissions ["firebase.projects.get"]
[debug] [2019-01-24T11:05:47.442Z] > refreshing access token with scopes: ["email","https://www.googleapis.com/auth/cloud-platform","https://www.googleapis.com/auth/cloudplatformprojects.readonly","https://www.googleapis.com/auth/firebase","openid"]
[debug] [2019-01-24T11:05:47.442Z] >>> HTTP REQUEST POST https://www.googleapis.com/oauth2/v3/token  
 <request body omitted>
[debug] [2019-01-24T11:05:47.700Z] <<< HTTP RESPONSE 200
[debug] [2019-01-24T11:05:47.731Z] >>> HTTP REQUEST POST https://cloudresourcemanager.googleapis.com/v1/projects/team-b-sns:testIamPermissions  

[debug] [2019-01-24T11:05:48.939Z] <<< HTTP RESPONSE 200
[debug] [2019-01-24T11:05:48.940Z] >>> HTTP REQUEST GET https://cloudresourcemanager.googleapis.com/v1/projects/team-b-sns  
 
[debug] [2019-01-24T11:05:49.759Z] <<< HTTP RESPONSE 200
[info] 
[info] === Serving from '/Users/keitatanaka/Desktop/OCA/team-B-graduation-work/team-b-SNS'...
[info] 
[info] i  functions: Preparing to emulate functions.
[debug] [2019-01-24T11:05:51.847Z] Fetching environment
[debug] [2019-01-24T11:05:51.857Z] >>> HTTP REQUEST GET https://mobilesdk-pa.googleapis.com/v1/projects/895377669050:getServerAppConfig  
 
[debug] [2019-01-24T11:05:51.858Z] >>> HTTP REQUEST GET https://mobilesdk-pa.googleapis.com/v1/projects/895377669050/clients/_:getWebAppConfig  
 
[debug] [2019-01-24T11:05:52.387Z] <<< HTTP RESPONSE 200
[warn] ⚠  hosting: Port 5000 is not available. Trying another port...
[info] i  hosting: Serving hosting files from: public
[info] ✔  hosting: Local server: http://localhost:5005
[debug] [2019-01-24T11:05:52.628Z] <<< HTTP RESPONSE 200
[debug] [2019-01-24T11:05:52.628Z] Starting @google-cloud/functions-emulator
[debug] [2019-01-24T11:05:56.199Z] Parsing function triggers
[warn] ⚠  functions: Failed to load functions source code. Ensure that you have the latest SDK by running npm i --save firebase-functions inside the functions directory.
[debug] [2019-01-24T11:05:56.701Z] Error during trigger parsing:  Error parsing triggers: Cannot find module 'firebase-admin'

Try running "npm install" in your functions directory before deploying.
[warn] ⚠  functions: Error from emulator. Error parsing triggers: Cannot find module 'firebase-admin'

Try running "npm install" in your functions directory before deploying.
[debug] [2019-01-24T11:05:56.702Z] 
